sample.interval=20000
"tryCatchList" "tryCatch" "withCallingHandlers" ".rs.callAs" "Rprof" 
"plot.default" "plot" 
"plot.new" "plot.default" "plot" 
"plot.new" "plot.default" "plot" 
"plot.default" "plot" 
"plot.default" "plot" 
"plot.default" "plot" 
"<Anonymous>" 
"<Anonymous>" 
"<Anonymous>" 
"<Anonymous>" 
"<Anonymous>" 
"<Anonymous>" 
"<Anonymous>" 
"<Anonymous>" 
"doTryCatch" "tryCatchOne" "tryCatchList" "tryCatch" "<Anonymous>" 
"doTryCatch" "tryCatchOne" "tryCatchList" "tryCatch" "<Anonymous>" 
"doTryCatch" "tryCatchOne" "tryCatchList" "tryCatch" "<Anonymous>" 
"doTryCatch" "tryCatchOne" "tryCatchList" "tryCatch" "<Anonymous>" 
"doTryCatch" "tryCatchOne" "tryCatchList" "tryCatch" "<Anonymous>" 
"doTryCatch" "tryCatchOne" "tryCatchList" "tryCatch" "<Anonymous>" 
"doTryCatch" "tryCatchOne" "tryCatchList" "tryCatch" "<Anonymous>" 
"png" "doTryCatch" "tryCatchOne" "tryCatchList" "tryCatch" "base::try" 
"doTryCatch" "tryCatchOne" "tryCatchList" "tryCatch" "<Anonymous>" 
"doTryCatch" "tryCatchOne" "tryCatchList" "tryCatch" "<Anonymous>" 
"doTryCatch" "tryCatchOne" "tryCatchList" "tryCatch" "<Anonymous>" 
"<Anonymous>" 
"plot.default" "plot" 
"plot.default" "plot" 
"plot.default" "plot" 
"plot.default" "plot" 
"localTitle" "plot.default" "plot" 
"<Anonymous>" 
"<Anonymous>" 
"<Anonymous>" 
"<Anonymous>" 
"<Anonymous>" 
"<Anonymous>" 
"<Anonymous>" 
"doTryCatch" "tryCatchOne" "tryCatchList" "tryCatch" "<Anonymous>" 
"doTryCatch" "tryCatchOne" "tryCatchList" "tryCatch" "<Anonymous>" 
"doTryCatch" "tryCatchOne" "tryCatchList" "tryCatch" "<Anonymous>" 
"doTryCatch" "tryCatchOne" "tryCatchList" "tryCatch" "<Anonymous>" 
"doTryCatch" "tryCatchOne" "tryCatchList" "tryCatch" "<Anonymous>" 
"doTryCatch" "tryCatchOne" "tryCatchList" "tryCatch" "<Anonymous>" 
"doTryCatch" "tryCatchOne" "tryCatchList" "tryCatch" "<Anonymous>" 
"doTryCatch" "tryCatchOne" "tryCatchList" "tryCatch" "<Anonymous>" 
"grDevices:::png" "doTryCatch" "tryCatchOne" "tryCatchList" "tryCatch" "base::try" 
"doTryCatch" "tryCatchOne" "tryCatchList" "tryCatch" "<Anonymous>" 
"doTryCatch" "tryCatchOne" "tryCatchList" "tryCatch" "<Anonymous>" 
"doTryCatch" "tryCatchOne" "tryCatchList" "tryCatch" "<Anonymous>" 
"doTryCatch" "tryCatchOne" "tryCatchList" "tryCatch" "<Anonymous>" 
"doTryCatch" "tryCatchOne" "tryCatchList" "tryCatch" "<Anonymous>" 
"doTryCatch" "tryCatchOne" "tryCatchList" "tryCatch" "<Anonymous>" 
"doTryCatch" "tryCatchOne" "tryCatchList" "tryCatch" "<Anonymous>" 
"doTryCatch" "tryCatchOne" "tryCatchList" "tryCatch" "<Anonymous>" 
"doTryCatch" "tryCatchOne" "tryCatchList" "tryCatch" "<Anonymous>" 
"doTryCatch" "tryCatchOne" "tryCatchList" "tryCatch" "<Anonymous>" 
"doTryCatch" "tryCatchOne" "tryCatchList" "tryCatch" "<Anonymous>" 
"doTryCatch" "tryCatchOne" "tryCatchList" "tryCatch" "<Anonymous>" 
"<Anonymous>" 
"plot.default" "plot" 
"plot.default" "plot" 
"plot.default" "plot" 
"Axis.default" "Axis" "localAxis" "plot.default" "plot" 
"<Anonymous>" 
"<Anonymous>" 
"<Anonymous>" 
"<Anonymous>" 
"<Anonymous>" 
"<Anonymous>" 
"<Anonymous>" 
"close" "save" "<Anonymous>" 
"close" "save" "<Anonymous>" 
"doTryCatch" "tryCatchOne" "tryCatchList" "tryCatch" "<Anonymous>" 
"doTryCatch" "tryCatchOne" "tryCatchList" "tryCatch" "<Anonymous>" 
"doTryCatch" "tryCatchOne" "tryCatchList" "tryCatch" "<Anonymous>" 
"doTryCatch" "tryCatchOne" "tryCatchList" "tryCatch" "<Anonymous>" 
"doTryCatch" "tryCatchOne" "tryCatchList" "tryCatch" "<Anonymous>" 
"doTryCatch" "tryCatchOne" "tryCatchList" "tryCatch" "<Anonymous>" 
"doTryCatch" "tryCatchOne" "tryCatchList" "tryCatch" "<Anonymous>" 
"doTryCatch" "tryCatchOne" "tryCatchList" "tryCatch" "<Anonymous>" 
"doTryCatch" "tryCatchOne" "tryCatchList" "tryCatch" "<Anonymous>" 
"doTryCatch" "tryCatchOne" "tryCatchList" "tryCatch" "<Anonymous>" 
"doTryCatch" "tryCatchOne" "tryCatchList" "tryCatch" "<Anonymous>" 
"doTryCatch" "tryCatchOne" "tryCatchList" "tryCatch" "<Anonymous>" 
"doTryCatch" "tryCatchOne" "tryCatchList" "tryCatch" "<Anonymous>" 
"doTryCatch" "tryCatchOne" "tryCatchList" "tryCatch" "<Anonymous>" 
"doTryCatch" "tryCatchOne" "tryCatchList" "tryCatch" "<Anonymous>" 
"doTryCatch" "tryCatchOne" "tryCatchList" "tryCatch" "<Anonymous>" 
"doTryCatch" "tryCatchOne" "tryCatchList" "tryCatch" "<Anonymous>" 
"doTryCatch" "tryCatchOne" "tryCatchList" "tryCatch" "<Anonymous>" 
"doTryCatch" "tryCatchOne" "tryCatchList" "tryCatch" "<Anonymous>" 
"doTryCatch" "tryCatchOne" "tryCatchList" "tryCatch" "<Anonymous>" 
"doTryCatch" "tryCatchOne" "tryCatchList" "tryCatch" "<Anonymous>" 
"doTryCatch" "tryCatchOne" "tryCatchList" "tryCatch" "<Anonymous>" 
"doTryCatch" "tryCatchOne" "tryCatchList" "tryCatch" "<Anonymous>" 
"doTryCatch" "tryCatchOne" "tryCatchList" "tryCatch" "<Anonymous>" 
"doTryCatch" "tryCatchOne" "tryCatchList" "tryCatch" "<Anonymous>" 
"doTryCatch" "tryCatchOne" "tryCatchList" "tryCatch" "<Anonymous>" 
"doTryCatch" "tryCatchOne" "tryCatchList" "tryCatch" "<Anonymous>" 
"<Anonymous>" 
".encode_numeric_version" "split" "Ops.numeric_version" ">=" "doTryCatch" "tryCatchOne" "tryCatchList" "tryCatch" "base::try" 
"vapply" ".encode_numeric_version" "split" "Ops.numeric_version" ">=" "doTryCatch" "tryCatchOne" "tryCatchList" "tryCatch" "base::try" 
"match.arg" "str.default" "str" "doTryCatch" "tryCatchOne" "tryCatchList" "tryCatch" "try" "eval" "eval" "withVisible" "evalVis" "capture.output" "doTryCatch" "tryCatchOne" "tryCatchList" "tryCatch" ".rs.withTimeLimit" ".rs.valueFromStr" "doTryCatch" "tryCatchOne" "tryCatchList" "tryCatch" ".rs.valueDescription" "<Anonymous>" 
"read.csv" 
"read.csv" 
"read.table" "read.csv" 
"read.table" "read.csv" 
"read.table" "read.csv" 
"scan" "read.table" "read.csv" 
"type.convert.default" "type.convert" "read.table" "read.csv" 
"h" "tryInline" "cmpCall" "cmp" "genCode" "cb$putconst" "cmpCallArgs" "cmpCallSymFun" "cmpCall" "cmp" "cmpComplexAssign" "h" "tryInline" "cmpCall" "cmp" "h" "tryInline" "cmpCall" "cmp" "cmpForBody" "h" "tryInline" "cmpCall" "cmp" "genCode" "compile" "doTryCatch" "tryCatchOne" "tryCatchList" "tryCatch" "compiler:::tryCompile" 
"charToDate" "as.Date.character" "as.Date" 
"charToDate" "as.Date.character" "as.Date" 
"as.list" "lapply" "FUN" "lapply" "findLocalsList1" "findLocalsList" "funEnv" "make.functionContext" "cmpfun" "doTryCatch" "tryCatchOne" "tryCatchList" "tryCatch" "compiler:::tryCmpfun" "generate_Challenge_Data" "rbind" 
"cmpSetterCall" "cmpComplexAssign" "h" "tryInline" "cmpCall" "cmp" "h" "tryInline" "cmpCall" "cmp" "genCode" "cmpfun" "doTryCatch" "tryCatchOne" "tryCatchList" "tryCatch" "compiler:::tryCmpfun" "generate_Challenge_Data" "rbind" 
"exists" "getGetterInlineHandler" "tryGetterInline" "cmpGetterCall" "cmpComplexAssign" "h" "tryInline" "cmpCall" "cmp" "h" "tryInline" "cmpCall" "cmp" "h" "tryInline" "cmpCall" "cmp" "h" "tryInline" "cmpCall" "cmp" "cmpForBody" "h" "tryInline" "cmpCall" "cmp" "h" "tryInline" "cmpCall" "cmp" "h" "tryInline" "cmpCall" "cmp" "h" "tryInline" "cmpCall" "cmp" "genCode" "cmpfun" "doTryCatch" "tryCatchOne" "tryCatchList" "tryCatch" "compiler:::tryCmpfun" "generate_Challenge_Data" "rbind" 
"exists" "getGetterInlineHandler" "tryGetterInline" "cmpGetterCall" "cmpComplexAssign" "h" "tryInline" "cmpCall" "cmp" "h" "tryInline" "cmpCall" "cmp" "h" "tryInline" "cmpCall" "cmp" "h" "tryInline" "cmpCall" "cmp" "cmpForBody" "h" "tryInline" "cmpCall" "cmp" "h" "tryInline" "cmpCall" "cmp" "h" "tryInline" "cmpCall" "cmp" "h" "tryInline" "cmpCall" "cmp" "genCode" "cmpfun" "doTryCatch" "tryCatchOne" "tryCatchList" "tryCatch" "compiler:::tryCmpfun" "generate_Challenge_Data" "rbind" 
"checkSkipLoopCntxtList" "checkSkipLoopCntxt" "checkSkipLoopCntxtList" "checkSkipLoopCntxt" "checkSkipLoopCntxtList" "checkSkipLoopCntxt" "h" "tryInline" "cmpCall" "cmp" "h" "tryInline" "cmpCall" "cmp" "h" "tryInline" "cmpCall" "cmp" "h" "tryInline" "cmpCall" "cmp" "genCode" "cmpfun" "doTryCatch" "tryCatchOne" "tryCatchList" "tryCatch" "compiler:::tryCmpfun" "generate_Challenge_Data" "rbind" 
"checkSkipLoopCntxtList" "checkSkipLoopCntxt" "h" "tryInline" "cmpCall" "cmp" "h" "tryInline" "cmpCall" "cmp" "h" "tryInline" "cmpCall" "cmp" "h" "tryInline" "cmpCall" "cmp" "genCode" "cmpfun" "doTryCatch" "tryCatchOne" "tryCatchList" "tryCatch" "compiler:::tryCmpfun" "generate_Challenge_Data" "rbind" 
"[.data.frame" "[" "subset.data.frame" "subset" "generate_Challenge_Data" "rbind" 
"findCenvVar" "findLocVar" "cmpCall" "cmp" "cmpBuiltinArgs" "cmpDispatch" "h" "tryInline" "cmpCall" "cmp" "cmpSymbolAssign" "h" "tryInline" "cmpCall" "cmp" "h" "tryInline" "cmpCall" "cmp" "genCode" "cmpfun" "doTryCatch" "tryCatchOne" "tryCatchList" "tryCatch" "compiler:::tryCmpfun" "generate_Prelim_Data" "rbind" "rbind" 
"getInlineInfo" "tryInline" "cmpCall" "cmp" "cmpComplexAssign" "h" "tryInline" "cmpCall" "cmp" "h" "tryInline" "cmpCall" "cmp" "genCode" "cmpfun" "doTryCatch" "tryCatchOne" "tryCatchList" "tryCatch" "compiler:::tryCmpfun" "generate_Prelim_Data" "rbind" "rbind" 
"append" "FUN" "lapply" "FUN" "lapply" "findLocalsList1" "findLocalsList" "funEnv" "make.functionContext" "cmpfun" "doTryCatch" "tryCatchOne" "tryCatchList" "tryCatch" "compiler:::tryCmpfun" "add_super_archetypes" 
"checkSkipLoopCntxt" "checkSkipLoopCntxtList" "checkSkipLoopCntxt" "checkSkipLoopCntxtList" "checkSkipLoopCntxt" "checkSkipLoopCntxtList" "checkSkipLoopCntxt" "h" "tryInline" "cmpCall" "cmp" "h" "tryInline" "cmpCall" "cmp" "genCode" "cmpfun" "doTryCatch" "tryCatchOne" "tryCatchList" "tryCatch" "compiler:::tryCmpfun" "add_super_archetypes" 
"getInlineInfo" "isBaseVar" "getFoldFun" "constantFoldCall" "constantFold" "constantFoldCall" "constantFold" "constantFoldCall" "constantFold" "constantFoldCall" "constantFold" "constantFoldCall" "constantFold" "constantFoldCall" "constantFold" "cmp" "cmpPrim2" "h" "tryInline" "cmpCall" "cmp" "cmpPrim2" "h" "tryInline" "cmpCall" "cmp" "h" "tryInline" "cmpCall" "cmp" "h" "tryInline" "cmpCall" "cmp" "cmpForBody" "h" "tryInline" "cmpCall" "cmp" "h" "tryInline" "cmpCall" "cmp" "genCode" "cmpfun" "doTryCatch" "tryCatchOne" "tryCatchList" "tryCatch" "compiler:::tryCmpfun" "add_super_archetypes" 
"cb$makelabel" "cmpSubsetDispatch" "h" "tryInline" "cmpCall" "cmp" "cmpPrim2" "h" "tryInline" "cmpCall" "cmp" "cmpPrim2" "h" "tryInline" "cmpCall" "cmp" "cmpPrim2" "h" "tryInline" "cmpCall" "cmp" "cmpPrim2" "h" "tryInline" "cmpCall" "cmp" "cmpPrim2" "h" "tryInline" "cmpCall" "cmp" "cmpPrim2" "h" "tryInline" "cmpCall" "cmp" "cmpPrim2" "h" "tryInline" "cmpCall" "cmp" "h" "tryInline" "cmpCall" "cmp" "h" "tryInline" "cmpCall" "cmp" "cmpForBody" "h" "tryInline" "cmpCall" "cmp" "h" "tryInline" "cmpCall" "cmp" "genCode" "cmpfun" "doTryCatch" "tryCatchOne" "tryCatchList" "tryCatch" "compiler:::tryCmpfun" "add_super_archetypes" 
"findCenvVar" "getInlineInfo" "isBaseVar" "getFoldFun" "constantFoldCall" "constantFold" "constantFoldCall" "constantFold" "constantFoldCall" "constantFold" "cmp" "cmpPrim2" "h" "tryInline" "cmpCall" "cmp" "cmpPrim2" "h" "tryInline" "cmpCall" "cmp" "cmpPrim2" "h" "tryInline" "cmpCall" "cmp" "cmpPrim2" "h" "tryInline" "cmpCall" "cmp" "cmpPrim2" "h" "tryInline" "cmpCall" "cmp" "cmpPrim2" "h" "tryInline" "cmpCall" "cmp" "cmpPrim2" "h" "tryInline" "cmpCall" "cmp" "h" "tryInline" "cmpCall" "cmp" "h" "tryInline" "cmpCall" "cmp" "cmpForBody" "h" "tryInline" "cmpCall" "cmp" "h" "tryInline" "cmpCall" "cmp" "genCode" "cmpfun" "doTryCatch" "tryCatchOne" "tryCatchList" "tryCatch" "compiler:::tryCmpfun" "add_super_archetypes" 
"findCenvVar" "getInlineInfo" "isBaseVar" "getFoldFun" "constantFoldCall" "constantFold" "constantFoldCall" "constantFold" "h" "tryInline" "cmpCall" "cmp" "h" "tryInline" "cmpCall" "cmp" "cmpForBody" "h" "tryInline" "cmpCall" "cmp" "h" "tryInline" "cmpCall" "cmp" "genCode" "cmpfun" "doTryCatch" "tryCatchOne" "tryCatchList" "tryCatch" "compiler:::tryCmpfun" "add_super_archetypes" 
"getInlineInfo" "tryInline" "cmpCall" "cmp" "cmpPrim2" "h" "tryInline" "cmpCall" "cmp" "cmpPrim2" "h" "tryInline" "cmpCall" "cmp" "cmpPrim2" "h" "tryInline" "cmpCall" "cmp" "cmpPrim2" "h" "tryInline" "cmpCall" "cmp" "cmpPrim2" "h" "tryInline" "cmpCall" "cmp" "cmpPrim2" "h" "tryInline" "cmpCall" "cmp" "cmpPrim2" "h" "tryInline" "cmpCall" "cmp" "cmpPrim2" "h" "tryInline" "cmpCall" "cmp" "cmpPrim2" "h" "tryInline" "cmpCall" "cmp" "cm